<?xml version="1.0" encoding="UTF-8"?>
<testsuite name="com.example.yellowaution.YellowAutionApplicationTests" tests="1" skipped="0" failures="0" errors="0" timestamp="2025-05-06T11:19:06.032Z" hostname="gimsuhyeongs-Mac-mini.local" time="0.257">
  <properties/>
  <testcase name="contextLoads()" classname="com.example.yellowaution.YellowAutionApplicationTests" time="0.257"/>
  <system-out><![CDATA[Standard Commons Logging discovery in action with spring-jcl: please remove commons-logging.jar from classpath in order to avoid potential conflicts
20:18:56.259 [Test worker] INFO org.springframework.test.context.support.AnnotationConfigContextLoaderUtils -- Could not detect default configuration classes for test class [com.example.yellowaution.YellowAutionApplicationTests]: YellowAutionApplicationTests does not declare any static, non-private, non-final, nested classes annotated with @Configuration.
20:18:56.297 [Test worker] INFO org.springframework.boot.test.context.SpringBootTestContextBootstrapper -- Found @SpringBootConfiguration com.example.yellowaution.YellowAutionApplication for test class com.example.yellowaution.YellowAutionApplicationTests

  .   ____          _            __ _ _
 /\\ / ___'_ __ _ _(_)_ __  __ _ \ \ \ \
( ( )\___ | '_ | '_| | '_ \/ _` | \ \ \ \
 \\/  ___)| |_)| | | | | || (_| |  ) ) ) )
  '  |____| .__|_| |_|_| |_\__, | / / / /
 =========|_|==============|___/=/_/_/_/
?[32m :: Spring Boot :: ?[39m              ?[2m (v3.2.5)?[0;39m

?[2m2025-05-06T20:18:56.437+09:00?[0;39m ?[32m INFO?[0;39m ?[35m10488?[0;39m ?[2m---?[0;39m ?[2m[    Test worker]?[0;39m ?[2m?[0;39m?[36mc.e.y.YellowAutionApplicationTests      ?[0;39m ?[2m:?[0;39m Starting YellowAutionApplicationTests using Java 23.0.1 with PID 10488 (started by gimsuhyeong in /Users/gimsuhyeong/Desktop/YellowAuction)
?[2m2025-05-06T20:18:56.437+09:00?[0;39m ?[32m INFO?[0;39m ?[35m10488?[0;39m ?[2m---?[0;39m ?[2m[    Test worker]?[0;39m ?[2m?[0;39m?[36mc.e.y.YellowAutionApplicationTests      ?[0;39m ?[2m:?[0;39m No active profile set, falling back to 1 default profile: "default"
?[2m2025-05-06T20:18:56.709+09:00?[0;39m ?[32m INFO?[0;39m ?[35m10488?[0;39m ?[2m---?[0;39m ?[2m[    Test worker]?[0;39m ?[2m?[0;39m?[36m.s.d.r.c.RepositoryConfigurationDelegate?[0;39m ?[2m:?[0;39m Bootstrapping Spring Data JPA repositories in DEFAULT mode.
?[2m2025-05-06T20:18:56.762+09:00?[0;39m ?[32m INFO?[0;39m ?[35m10488?[0;39m ?[2m---?[0;39m ?[2m[    Test worker]?[0;39m ?[2m?[0;39m?[36m.s.d.r.c.RepositoryConfigurationDelegate?[0;39m ?[2m:?[0;39m Finished Spring Data repository scanning in 50 ms. Found 5 JPA repository interfaces.
?[2m2025-05-06T20:18:56.968+09:00?[0;39m ?[32m INFO?[0;39m ?[35m10488?[0;39m ?[2m---?[0;39m ?[2m[    Test worker]?[0;39m ?[2m?[0;39m?[36mo.hibernate.jpa.internal.util.LogHelper ?[0;39m ?[2m:?[0;39m HHH000204: Processing PersistenceUnitInfo [name: default]
?[2m2025-05-06T20:18:56.984+09:00?[0;39m ?[32m INFO?[0;39m ?[35m10488?[0;39m ?[2m---?[0;39m ?[2m[    Test worker]?[0;39m ?[2m?[0;39m?[36morg.hibernate.Version                   ?[0;39m ?[2m:?[0;39m HHH000412: Hibernate ORM core version 6.4.4.Final
?[2m2025-05-06T20:18:56.994+09:00?[0;39m ?[32m INFO?[0;39m ?[35m10488?[0;39m ?[2m---?[0;39m ?[2m[    Test worker]?[0;39m ?[2m?[0;39m?[36mo.h.c.internal.RegionFactoryInitiator   ?[0;39m ?[2m:?[0;39m HHH000026: Second-level cache disabled
?[2m2025-05-06T20:18:57.062+09:00?[0;39m ?[32m INFO?[0;39m ?[35m10488?[0;39m ?[2m---?[0;39m ?[2m[    Test worker]?[0;39m ?[2m?[0;39m?[36mo.s.o.j.p.SpringPersistenceUnitInfo     ?[0;39m ?[2m:?[0;39m No LoadTimeWeaver setup: ignoring JPA class transformer
?[2m2025-05-06T20:18:57.070+09:00?[0;39m ?[32m INFO?[0;39m ?[35m10488?[0;39m ?[2m---?[0;39m ?[2m[    Test worker]?[0;39m ?[2m?[0;39m?[36mcom.zaxxer.hikari.HikariDataSource      ?[0;39m ?[2m:?[0;39m HikariPool-1 - Starting...
?[2m2025-05-06T20:18:57.340+09:00?[0;39m ?[32m INFO?[0;39m ?[35m10488?[0;39m ?[2m---?[0;39m ?[2m[    Test worker]?[0;39m ?[2m?[0;39m?[36mcom.zaxxer.hikari.pool.HikariPool       ?[0;39m ?[2m:?[0;39m HikariPool-1 - Added connection com.mysql.cj.jdbc.ConnectionImpl@7816454d
?[2m2025-05-06T20:18:57.341+09:00?[0;39m ?[32m INFO?[0;39m ?[35m10488?[0;39m ?[2m---?[0;39m ?[2m[    Test worker]?[0;39m ?[2m?[0;39m?[36mcom.zaxxer.hikari.HikariDataSource      ?[0;39m ?[2m:?[0;39m HikariPool-1 - Start completed.
?[2m2025-05-06T20:18:57.729+09:00?[0;39m ?[32m INFO?[0;39m ?[35m10488?[0;39m ?[2m---?[0;39m ?[2m[    Test worker]?[0;39m ?[2m?[0;39m?[36mo.h.e.t.j.p.i.JtaPlatformInitiator      ?[0;39m ?[2m:?[0;39m HHH000489: No JTA platform available (set 'hibernate.transaction.jta.platform' to enable JTA platform integration)
?[2m2025-05-06T20:19:05.389+09:00?[0;39m ?[32m INFO?[0;39m ?[35m10488?[0;39m ?[2m---?[0;39m ?[2m[    Test worker]?[0;39m ?[2m?[0;39m?[36mj.LocalContainerEntityManagerFactoryBean?[0;39m ?[2m:?[0;39m Initialized JPA EntityManagerFactory for persistence unit 'default'
?[2m2025-05-06T20:19:05.547+09:00?[0;39m ?[32m INFO?[0;39m ?[35m10488?[0;39m ?[2m---?[0;39m ?[2m[    Test worker]?[0;39m ?[2m?[0;39m?[36mo.s.d.j.r.query.QueryEnhancerFactory    ?[0;39m ?[2m:?[0;39m Hibernate is in classpath; If applicable, HQL parser will be used.
?[2m2025-05-06T20:19:05.762+09:00?[0;39m ?[33m WARN?[0;39m ?[35m10488?[0;39m ?[2m---?[0;39m ?[2m[    Test worker]?[0;39m ?[2m?[0;39m?[36mJpaBaseConfiguration$JpaWebConfiguration?[0;39m ?[2m:?[0;39m spring.jpa.open-in-view is enabled by default. Therefore, database queries may be performed during view rendering. Explicitly configure spring.jpa.open-in-view to disable this warning
?[2m2025-05-06T20:19:05.798+09:00?[0;39m ?[32m INFO?[0;39m ?[35m10488?[0;39m ?[2m---?[0;39m ?[2m[    Test worker]?[0;39m ?[2m?[0;39m?[36mo.s.b.a.w.s.WelcomePageHandlerMapping   ?[0;39m ?[2m:?[0;39m Adding welcome page template: index
?[2m2025-05-06T20:19:05.828+09:00?[0;39m ?[32mDEBUG?[0;39m ?[35m10488?[0;39m ?[2m---?[0;39m ?[2m[    Test worker]?[0;39m ?[2m?[0;39m?[36ms.w.s.m.m.a.RequestMappingHandlerMapping?[0;39m ?[2m:?[0;39m 38 mappings in 'requestMappingHandlerMapping'
?[2m2025-05-06T20:19:05.870+09:00?[0;39m ?[32mDEBUG?[0;39m ?[35m10488?[0;39m ?[2m---?[0;39m ?[2m[    Test worker]?[0;39m ?[2m?[0;39m?[36mo.s.w.s.handler.SimpleUrlHandlerMapping ?[0;39m ?[2m:?[0;39m Patterns [/webjars/**, /**] in 'resourceHandlerMapping'
?[2m2025-05-06T20:19:05.885+09:00?[0;39m ?[32m INFO?[0;39m ?[35m10488?[0;39m ?[2m---?[0;39m ?[2m[    Test worker]?[0;39m ?[2m?[0;39m?[36mo.s.s.web.DefaultSecurityFilterChain    ?[0;39m ?[2m:?[0;39m Will secure any request with [org.springframework.security.web.session.DisableEncodeUrlFilter@2baf9cd4, org.springframework.security.web.context.request.async.WebAsyncManagerIntegrationFilter@50c0392d, org.springframework.security.web.context.SecurityContextHolderFilter@31e90355, org.springframework.security.web.header.HeaderWriterFilter@4146577c, org.springframework.web.filter.CorsFilter@174e79f9, org.springframework.security.web.authentication.logout.LogoutFilter@51be4bf5, org.springframework.security.web.authentication.UsernamePasswordAuthenticationFilter@451d6bc9, org.springframework.security.web.savedrequest.RequestCacheAwareFilter@4d5196fd, org.springframework.security.web.servletapi.SecurityContextHolderAwareRequestFilter@b680059, org.springframework.security.web.authentication.AnonymousAuthenticationFilter@57a815a, org.springframework.security.web.access.ExceptionTranslationFilter@58b2c0b4, org.springframework.security.web.access.intercept.AuthorizationFilter@a6a7c4f]
?[2m2025-05-06T20:19:05.940+09:00?[0;39m ?[32mDEBUG?[0;39m ?[35m10488?[0;39m ?[2m---?[0;39m ?[2m[    Test worker]?[0;39m ?[2m?[0;39m?[36ms.w.s.m.m.a.RequestMappingHandlerAdapter?[0;39m ?[2m:?[0;39m ControllerAdvice beans: 0 @ModelAttribute, 0 @InitBinder, 1 RequestBodyAdvice, 1 ResponseBodyAdvice
?[2m2025-05-06T20:19:05.950+09:00?[0;39m ?[32mDEBUG?[0;39m ?[35m10488?[0;39m ?[2m---?[0;39m ?[2m[    Test worker]?[0;39m ?[2m?[0;39m?[36m.m.m.a.ExceptionHandlerExceptionResolver?[0;39m ?[2m:?[0;39m ControllerAdvice beans: 0 @ExceptionHandler, 1 ResponseBodyAdvice
?[2m2025-05-06T20:19:06.027+09:00?[0;39m ?[32m INFO?[0;39m ?[35m10488?[0;39m ?[2m---?[0;39m ?[2m[    Test worker]?[0;39m ?[2m?[0;39m?[36mc.e.y.YellowAutionApplicationTests      ?[0;39m ?[2m:?[0;39m Started YellowAutionApplicationTests in 9.682 seconds (process running for 10.096)
]]></system-out>
  <system-err><![CDATA[WARNING: A Java agent has been loaded dynamically (/Users/gimsuhyeong/.gradle/caches/modules-2/files-2.1/net.bytebuddy/byte-buddy-agent/1.14.13/979ce25f7d3096a2e82214ba7dc972a05ce7a171/byte-buddy-agent-1.14.13.jar)
WARNING: If a serviceability tool is in use, please run with -XX:+EnableDynamicAgentLoading to hide this warning
WARNING: If a serviceability tool is not in use, please run with -Djdk.instrument.traceUsage for more information
WARNING: Dynamic loading of agents will be disallowed by default in a future release
]]></system-err>
</testsuite>
