<?xml version="1.0" encoding="UTF-8"?>
<testsuite name="com.example.yellowaution.YellowAutionApplicationTests" tests="1" skipped="0" failures="0" errors="0" timestamp="2025-05-05T16:46:58.806Z" hostname="gimsuhyeongs-Mac-mini.local" time="0.266">
  <properties/>
  <testcase name="contextLoads()" classname="com.example.yellowaution.YellowAutionApplicationTests" time="0.266"/>
  <system-out><![CDATA[Standard Commons Logging discovery in action with spring-jcl: please remove commons-logging.jar from classpath in order to avoid potential conflicts
01:46:49.724 [Test worker] INFO org.springframework.test.context.support.AnnotationConfigContextLoaderUtils -- Could not detect default configuration classes for test class [com.example.yellowaution.YellowAutionApplicationTests]: YellowAutionApplicationTests does not declare any static, non-private, non-final, nested classes annotated with @Configuration.
01:46:49.764 [Test worker] INFO org.springframework.boot.test.context.SpringBootTestContextBootstrapper -- Found @SpringBootConfiguration com.example.yellowaution.YellowAutionApplication for test class com.example.yellowaution.YellowAutionApplicationTests

  .   ____          _            __ _ _
 /\\ / ___'_ __ _ _(_)_ __  __ _ \ \ \ \
( ( )\___ | '_ | '_| | '_ \/ _` | \ \ \ \
 \\/  ___)| |_)| | | | | || (_| |  ) ) ) )
  '  |____| .__|_| |_|_| |_\__, | / / / /
 =========|_|==============|___/=/_/_/_/
?[32m :: Spring Boot :: ?[39m              ?[2m (v3.2.5)?[0;39m

?[2m2025-05-06T01:46:49.921+09:00?[0;39m ?[32m INFO?[0;39m ?[35m5322?[0;39m ?[2m---?[0;39m ?[2m[    Test worker]?[0;39m ?[2m?[0;39m?[36mc.e.y.YellowAutionApplicationTests      ?[0;39m ?[2m:?[0;39m Starting YellowAutionApplicationTests using Java 23.0.1 with PID 5322 (started by gimsuhyeong in /Users/gimsuhyeong/Desktop/YellowAuction)
?[2m2025-05-06T01:46:49.922+09:00?[0;39m ?[32m INFO?[0;39m ?[35m5322?[0;39m ?[2m---?[0;39m ?[2m[    Test worker]?[0;39m ?[2m?[0;39m?[36mc.e.y.YellowAutionApplicationTests      ?[0;39m ?[2m:?[0;39m No active profile set, falling back to 1 default profile: "default"
?[2m2025-05-06T01:46:50.274+09:00?[0;39m ?[32m INFO?[0;39m ?[35m5322?[0;39m ?[2m---?[0;39m ?[2m[    Test worker]?[0;39m ?[2m?[0;39m?[36m.s.d.r.c.RepositoryConfigurationDelegate?[0;39m ?[2m:?[0;39m Bootstrapping Spring Data JPA repositories in DEFAULT mode.
?[2m2025-05-06T01:46:50.331+09:00?[0;39m ?[32m INFO?[0;39m ?[35m5322?[0;39m ?[2m---?[0;39m ?[2m[    Test worker]?[0;39m ?[2m?[0;39m?[36m.s.d.r.c.RepositoryConfigurationDelegate?[0;39m ?[2m:?[0;39m Finished Spring Data repository scanning in 54 ms. Found 5 JPA repository interfaces.
?[2m2025-05-06T01:46:50.536+09:00?[0;39m ?[32m INFO?[0;39m ?[35m5322?[0;39m ?[2m---?[0;39m ?[2m[    Test worker]?[0;39m ?[2m?[0;39m?[36mo.hibernate.jpa.internal.util.LogHelper ?[0;39m ?[2m:?[0;39m HHH000204: Processing PersistenceUnitInfo [name: default]
?[2m2025-05-06T01:46:50.554+09:00?[0;39m ?[32m INFO?[0;39m ?[35m5322?[0;39m ?[2m---?[0;39m ?[2m[    Test worker]?[0;39m ?[2m?[0;39m?[36morg.hibernate.Version                   ?[0;39m ?[2m:?[0;39m HHH000412: Hibernate ORM core version 6.4.4.Final
?[2m2025-05-06T01:46:50.564+09:00?[0;39m ?[32m INFO?[0;39m ?[35m5322?[0;39m ?[2m---?[0;39m ?[2m[    Test worker]?[0;39m ?[2m?[0;39m?[36mo.h.c.internal.RegionFactoryInitiator   ?[0;39m ?[2m:?[0;39m HHH000026: Second-level cache disabled
?[2m2025-05-06T01:46:50.639+09:00?[0;39m ?[32m INFO?[0;39m ?[35m5322?[0;39m ?[2m---?[0;39m ?[2m[    Test worker]?[0;39m ?[2m?[0;39m?[36mo.s.o.j.p.SpringPersistenceUnitInfo     ?[0;39m ?[2m:?[0;39m No LoadTimeWeaver setup: ignoring JPA class transformer
?[2m2025-05-06T01:46:50.647+09:00?[0;39m ?[32m INFO?[0;39m ?[35m5322?[0;39m ?[2m---?[0;39m ?[2m[    Test worker]?[0;39m ?[2m?[0;39m?[36mcom.zaxxer.hikari.HikariDataSource      ?[0;39m ?[2m:?[0;39m HikariPool-1 - Starting...
?[2m2025-05-06T01:46:50.940+09:00?[0;39m ?[32m INFO?[0;39m ?[35m5322?[0;39m ?[2m---?[0;39m ?[2m[    Test worker]?[0;39m ?[2m?[0;39m?[36mcom.zaxxer.hikari.pool.HikariPool       ?[0;39m ?[2m:?[0;39m HikariPool-1 - Added connection com.mysql.cj.jdbc.ConnectionImpl@7d90764a
?[2m2025-05-06T01:46:50.941+09:00?[0;39m ?[32m INFO?[0;39m ?[35m5322?[0;39m ?[2m---?[0;39m ?[2m[    Test worker]?[0;39m ?[2m?[0;39m?[36mcom.zaxxer.hikari.HikariDataSource      ?[0;39m ?[2m:?[0;39m HikariPool-1 - Start completed.
?[2m2025-05-06T01:46:51.339+09:00?[0;39m ?[32m INFO?[0;39m ?[35m5322?[0;39m ?[2m---?[0;39m ?[2m[    Test worker]?[0;39m ?[2m?[0;39m?[36mo.h.e.t.j.p.i.JtaPlatformInitiator      ?[0;39m ?[2m:?[0;39m HHH000489: No JTA platform available (set 'hibernate.transaction.jta.platform' to enable JTA platform integration)
?[2m2025-05-06T01:46:58.133+09:00?[0;39m ?[32m INFO?[0;39m ?[35m5322?[0;39m ?[2m---?[0;39m ?[2m[    Test worker]?[0;39m ?[2m?[0;39m?[36mj.LocalContainerEntityManagerFactoryBean?[0;39m ?[2m:?[0;39m Initialized JPA EntityManagerFactory for persistence unit 'default'
?[2m2025-05-06T01:46:58.298+09:00?[0;39m ?[32m INFO?[0;39m ?[35m5322?[0;39m ?[2m---?[0;39m ?[2m[    Test worker]?[0;39m ?[2m?[0;39m?[36mo.s.d.j.r.query.QueryEnhancerFactory    ?[0;39m ?[2m:?[0;39m Hibernate is in classpath; If applicable, HQL parser will be used.
?[2m2025-05-06T01:46:58.521+09:00?[0;39m ?[33m WARN?[0;39m ?[35m5322?[0;39m ?[2m---?[0;39m ?[2m[    Test worker]?[0;39m ?[2m?[0;39m?[36mJpaBaseConfiguration$JpaWebConfiguration?[0;39m ?[2m:?[0;39m spring.jpa.open-in-view is enabled by default. Therefore, database queries may be performed during view rendering. Explicitly configure spring.jpa.open-in-view to disable this warning
?[2m2025-05-06T01:46:58.565+09:00?[0;39m ?[32m INFO?[0;39m ?[35m5322?[0;39m ?[2m---?[0;39m ?[2m[    Test worker]?[0;39m ?[2m?[0;39m?[36mo.s.b.a.w.s.WelcomePageHandlerMapping   ?[0;39m ?[2m:?[0;39m Adding welcome page template: index
?[2m2025-05-06T01:46:58.594+09:00?[0;39m ?[32mDEBUG?[0;39m ?[35m5322?[0;39m ?[2m---?[0;39m ?[2m[    Test worker]?[0;39m ?[2m?[0;39m?[36ms.w.s.m.m.a.RequestMappingHandlerMapping?[0;39m ?[2m:?[0;39m 39 mappings in 'requestMappingHandlerMapping'
?[2m2025-05-06T01:46:58.636+09:00?[0;39m ?[32mDEBUG?[0;39m ?[35m5322?[0;39m ?[2m---?[0;39m ?[2m[    Test worker]?[0;39m ?[2m?[0;39m?[36mo.s.w.s.handler.SimpleUrlHandlerMapping ?[0;39m ?[2m:?[0;39m Patterns [/webjars/**, /**] in 'resourceHandlerMapping'
?[2m2025-05-06T01:46:58.652+09:00?[0;39m ?[32m INFO?[0;39m ?[35m5322?[0;39m ?[2m---?[0;39m ?[2m[    Test worker]?[0;39m ?[2m?[0;39m?[36mo.s.s.web.DefaultSecurityFilterChain    ?[0;39m ?[2m:?[0;39m Will secure any request with [org.springframework.security.web.session.DisableEncodeUrlFilter@5e8ec0d9, org.springframework.security.web.context.request.async.WebAsyncManagerIntegrationFilter@1a7f6678, org.springframework.security.web.context.SecurityContextHolderFilter@75351aec, org.springframework.security.web.header.HeaderWriterFilter@1b261005, org.springframework.web.filter.CorsFilter@3b47178c, org.springframework.security.web.authentication.logout.LogoutFilter@21e441d1, org.springframework.security.web.authentication.UsernamePasswordAuthenticationFilter@2765c3fc, org.springframework.security.web.savedrequest.RequestCacheAwareFilter@24a29d8, org.springframework.security.web.servletapi.SecurityContextHolderAwareRequestFilter@55af9b48, org.springframework.security.web.authentication.AnonymousAuthenticationFilter@9e2946, org.springframework.security.web.access.ExceptionTranslationFilter@5fb6fdb8, org.springframework.security.web.access.intercept.AuthorizationFilter@4655e059]
?[2m2025-05-06T01:46:58.711+09:00?[0;39m ?[32mDEBUG?[0;39m ?[35m5322?[0;39m ?[2m---?[0;39m ?[2m[    Test worker]?[0;39m ?[2m?[0;39m?[36ms.w.s.m.m.a.RequestMappingHandlerAdapter?[0;39m ?[2m:?[0;39m ControllerAdvice beans: 0 @ModelAttribute, 0 @InitBinder, 1 RequestBodyAdvice, 1 ResponseBodyAdvice
?[2m2025-05-06T01:46:58.722+09:00?[0;39m ?[32mDEBUG?[0;39m ?[35m5322?[0;39m ?[2m---?[0;39m ?[2m[    Test worker]?[0;39m ?[2m?[0;39m?[36m.m.m.a.ExceptionHandlerExceptionResolver?[0;39m ?[2m:?[0;39m ControllerAdvice beans: 0 @ExceptionHandler, 1 ResponseBodyAdvice
?[2m2025-05-06T01:46:58.801+09:00?[0;39m ?[32m INFO?[0;39m ?[35m5322?[0;39m ?[2m---?[0;39m ?[2m[    Test worker]?[0;39m ?[2m?[0;39m?[36mc.e.y.YellowAutionApplicationTests      ?[0;39m ?[2m:?[0;39m Started YellowAutionApplicationTests in 8.992 seconds (process running for 9.422)
]]></system-out>
  <system-err><![CDATA[WARNING: A Java agent has been loaded dynamically (/Users/gimsuhyeong/.gradle/caches/modules-2/files-2.1/net.bytebuddy/byte-buddy-agent/1.14.13/979ce25f7d3096a2e82214ba7dc972a05ce7a171/byte-buddy-agent-1.14.13.jar)
WARNING: If a serviceability tool is in use, please run with -XX:+EnableDynamicAgentLoading to hide this warning
WARNING: If a serviceability tool is not in use, please run with -Djdk.instrument.traceUsage for more information
WARNING: Dynamic loading of agents will be disallowed by default in a future release
]]></system-err>
</testsuite>
